

Started GET "/dashboard" for 127.0.0.1 at Tue Oct 22 12:19:49 +0800 2013

ActionController::RoutingError (No route matches [GET] "/dashboard"):
  

Rendered /export/home/invantest/tools/ruby/current/lib/ruby/gems/1.8/gems/actionpack-3.1.3/lib/action_dispatch/middleware/templates/rescues/routing_error.erb within rescues/layout (15.9ms)


Started GET "/assets/rails.png" for 127.0.0.1 at Tue Oct 22 12:19:56 +0800 2013
Served asset /rails.png - 200 OK (24ms)


Started GET "/dashboard" for 127.0.0.1 at Tue Oct 22 12:22:17 +0800 2013

ActionController::RoutingError (No route matches [GET] "/dashboard"):
  

Rendered /export/home/invantest/tools/ruby/current/lib/ruby/gems/1.8/gems/actionpack-3.1.3/lib/action_dispatch/middleware/templates/rescues/routing_error.erb within rescues/layout (2.6ms)


Started GET "/assets/rails.png" for 127.0.0.1 at Tue Oct 22 12:22:22 +0800 2013
Served asset /rails.png - 304 Not Modified (2ms)


Started GET "/assets/rails.png" for 127.0.0.1 at Tue Oct 22 12:23:19 +0800 2013
Served asset /rails.png - 304 Not Modified (1ms)


Started GET "/assets/rails.png" for 127.0.0.1 at Tue Oct 22 12:23:20 +0800 2013
Served asset /rails.png - 304 Not Modified (0ms)


Started GET "/assets/rails.png" for 127.0.0.1 at Tue Oct 22 12:23:22 +0800 2013
Served asset /rails.png - 304 Not Modified (0ms)


Started GET "/dashboard" for 127.0.0.1 at Tue Oct 22 12:23:23 +0800 2013

ActionController::RoutingError (No route matches [GET] "/dashboard"):
  

Rendered /export/home/invantest/tools/ruby/current/lib/ruby/gems/1.8/gems/actionpack-3.1.3/lib/action_dispatch/middleware/templates/rescues/routing_error.erb within rescues/layout (2.9ms)


Started GET "/dashboard" for 127.0.0.1 at Tue Oct 22 12:24:57 +0800 2013
  Processing by DashboardController#index as HTML
Completed 500 Internal Server Error in 3ms

LoadError (no such file to load -- useragent):
  app/controllers/application_controller.rb:46:in `detect_user_agent'
  app/controllers/dashboard_controller.rb:9:in `index'

Rendered /export/home/invantest/tools/ruby/current/lib/ruby/gems/1.8/gems/actionpack-3.1.3/lib/action_dispatch/middleware/templates/rescues/_trace.erb (1.4ms)
Rendered /export/home/invantest/tools/ruby/current/lib/ruby/gems/1.8/gems/actionpack-3.1.3/lib/action_dispatch/middleware/templates/rescues/_request_and_response.erb (0.9ms)
Rendered /export/home/invantest/tools/ruby/current/lib/ruby/gems/1.8/gems/actionpack-3.1.3/lib/action_dispatch/middleware/templates/rescues/diagnostics.erb within rescues/layout (7.3ms)


Started GET "/dashboard" for 127.0.0.1 at Tue Oct 22 12:26:50 +0800 2013
  Processing by DashboardController#index as HTML
  [1m[36mApp Load (0.2ms)[0m  [1mSELECT "apps".* FROM "apps" [0m
Completed 500 Internal Server Error in 156ms

ActionView::MissingTemplate (Missing template dashboard/index, application/index with {:handlers=>[:erb, :coffee, :builder], :locale=>[:en, :en], :formats=>[:html]}. Searched in:
  * "/home/jphu/programming/txstudio/app/views"
):
  

Rendered /export/home/invantest/tools/ruby/current/lib/ruby/gems/1.8/gems/actionpack-3.1.3/lib/action_dispatch/middleware/templates/rescues/missing_template.erb within rescues/layout (2.8ms)


Started GET "/dashboard" for 127.0.0.1 at Tue Oct 22 12:29:15 +0800 2013
  Processing by DashboardController#index as HTML
  [1m[35mApp Load (0.3ms)[0m  SELECT "apps".* FROM "apps" 
Completed 500 Internal Server Error in 13ms

ActionView::MissingTemplate (Missing template layouts/template with {:handlers=>[:erb, :coffee, :builder], :locale=>[:en, :en], :formats=>[:html]}. Searched in:
  * "/home/jphu/programming/txstudio/app/views"
):
  

Rendered /export/home/invantest/tools/ruby/current/lib/ruby/gems/1.8/gems/actionpack-3.1.3/lib/action_dispatch/middleware/templates/rescues/missing_template.erb within rescues/layout (0.3ms)


Started GET "/dashboard" for 127.0.0.1 at Tue Oct 22 12:29:17 +0800 2013
  Processing by DashboardController#index as HTML
  [1m[36mApp Load (0.3ms)[0m  [1mSELECT "apps".* FROM "apps" [0m
Completed 500 Internal Server Error in 13ms

ActionView::MissingTemplate (Missing template layouts/template with {:handlers=>[:erb, :coffee, :builder], :locale=>[:en, :en], :formats=>[:html]}. Searched in:
  * "/home/jphu/programming/txstudio/app/views"
):
  

Rendered /export/home/invantest/tools/ruby/current/lib/ruby/gems/1.8/gems/actionpack-3.1.3/lib/action_dispatch/middleware/templates/rescues/missing_template.erb within rescues/layout (0.3ms)


Started GET "/dashboard/index" for 127.0.0.1 at Tue Oct 22 12:29:37 +0800 2013
  Processing by DashboardController#index as HTML
  [1m[35mApp Load (0.3ms)[0m  SELECT "apps".* FROM "apps" 
Completed 500 Internal Server Error in 14ms

ActionView::MissingTemplate (Missing template layouts/template with {:handlers=>[:erb, :coffee, :builder], :locale=>[:en, :en], :formats=>[:html]}. Searched in:
  * "/home/jphu/programming/txstudio/app/views"
):
  

Rendered /export/home/invantest/tools/ruby/current/lib/ruby/gems/1.8/gems/actionpack-3.1.3/lib/action_dispatch/middleware/templates/rescues/missing_template.erb within rescues/layout (0.3ms)


Started GET "/dashboard/index" for 127.0.0.1 at Tue Oct 22 12:30:18 +0800 2013
  Processing by DashboardController#index as HTML
  [1m[36mApp Load (0.3ms)[0m  [1mSELECT "apps".* FROM "apps" [0m
Rendered dashboard/index.html within layouts/template (7.0ms)
Completed 200 OK in 78ms (Views: 13.4ms | ActiveRecord: 5.9ms)


Started GET "/dashboard/app/Trapdoor+Hunter" for 127.0.0.1 at Tue Oct 22 12:30:25 +0800 2013
  Processing by DashboardController#app as HTML
  Parameters: {"id"=>"Trapdoor+Hunter"}
  [1m[35mApp Load (0.1ms)[0m  SELECT "apps".* FROM "apps" WHERE (name = 'Trapdoor Hunter')
Rendered dashboard/app.html within layouts/template (0.8ms)
Completed 200 OK in 17ms (Views: 6.2ms | ActiveRecord: 0.7ms)


Started GET "/dashboard/app/Mini+Android+Defense" for 127.0.0.1 at Tue Oct 22 12:30:43 +0800 2013
  Processing by DashboardController#app as HTML
  Parameters: {"id"=>"Mini+Android+Defense"}
  [1m[36mApp Load (0.1ms)[0m  [1mSELECT "apps".* FROM "apps" WHERE (name = 'Mini Android Defense')[0m
Rendered dashboard/app.html within layouts/template (0.2ms)
Completed 200 OK in 16ms (Views: 5.8ms | ActiveRecord: 0.6ms)


Started GET "/dashboard/app/iLoveNote" for 127.0.0.1 at Tue Oct 22 12:31:24 +0800 2013
  Processing by DashboardController#app as HTML
  Parameters: {"id"=>"iLoveNote"}
  [1m[35mApp Load (0.1ms)[0m  SELECT "apps".* FROM "apps" WHERE (name = 'iLoveNote')
Rendered dashboard/app.html within layouts/template (0.2ms)
Completed 200 OK in 15ms (Views: 5.3ms | ActiveRecord: 0.6ms)


Started GET "/dashboard/app/iLoveNote" for 127.0.0.1 at Tue Oct 22 12:32:10 +0800 2013
  Processing by DashboardController#app as HTML
  Parameters: {"id"=>"iLoveNote"}
  [1m[36mApp Load (0.2ms)[0m  [1mSELECT "apps".* FROM "apps" WHERE (name = 'iLoveNote')[0m
Rendered dashboard/app.html within layouts/template (0.3ms)
Completed 200 OK in 76ms (Views: 6.7ms | ActiveRecord: 1.4ms)


Started GET "/dashboard/app/iLoveNote" for 127.0.0.1 at Tue Oct 22 12:32:13 +0800 2013
  Processing by DashboardController#app as HTML
  Parameters: {"id"=>"iLoveNote"}
  [1m[35mApp Load (0.1ms)[0m  SELECT "apps".* FROM "apps" WHERE (name = 'iLoveNote')
Rendered dashboard/app.html within layouts/template (0.2ms)
Completed 200 OK in 18ms (Views: 6.4ms | ActiveRecord: 0.7ms)


Started GET "/dashboard/app/iLoveNote" for 127.0.0.1 at Tue Oct 22 12:32:30 +0800 2013
  Processing by DashboardController#app as HTML
  Parameters: {"id"=>"iLoveNote"}
  [1m[36mApp Load (0.1ms)[0m  [1mSELECT "apps".* FROM "apps" WHERE (name = 'iLoveNote')[0m
Rendered dashboard/app.html within layouts/template (0.2ms)
Completed 200 OK in 17ms (Views: 5.6ms | ActiveRecord: 0.7ms)


Started GET "/dashboard/app/iLoveNote" for 127.0.0.1 at Tue Oct 22 12:32:31 +0800 2013
  Processing by DashboardController#app as HTML
  Parameters: {"id"=>"iLoveNote"}
  [1m[35mApp Load (0.2ms)[0m  SELECT "apps".* FROM "apps" WHERE (name = 'iLoveNote')
Rendered dashboard/app.html within layouts/template (0.2ms)
Completed 200 OK in 44ms (Views: 17.3ms | ActiveRecord: 0.8ms)


Started GET "/dashboard/app/iLoveNote" for 127.0.0.1 at Tue Oct 22 12:32:53 +0800 2013
  Processing by DashboardController#app as HTML
  Parameters: {"id"=>"iLoveNote"}
  [1m[36mApp Load (0.1ms)[0m  [1mSELECT "apps".* FROM "apps" WHERE (name = 'iLoveNote')[0m
Rendered dashboard/app.html within layouts/template (0.2ms)
Completed 200 OK in 21ms (Views: 6.2ms | ActiveRecord: 0.7ms)


Started GET "/dashboard/app/iLoveNote" for 127.0.0.1 at Tue Oct 22 12:33:42 +0800 2013
  Processing by DashboardController#app as HTML
  Parameters: {"id"=>"iLoveNote"}
  [1m[35mApp Load (0.2ms)[0m  SELECT "apps".* FROM "apps" WHERE (name = 'iLoveNote')
Rendered dashboard/app.html within layouts/template (0.6ms)
Completed 200 OK in 18ms (Views: 6.2ms | ActiveRecord: 0.8ms)


Started GET "/dashboard/app/iLoveNote" for 127.0.0.1 at Tue Oct 22 12:34:00 +0800 2013
  Processing by DashboardController#app as HTML
  Parameters: {"id"=>"iLoveNote"}
  [1m[36mApp Load (3.0ms)[0m  [1mSELECT "apps".* FROM "apps" WHERE (name = 'iLoveNote')[0m
Rendered dashboard/app.html within layouts/template (0.5ms)
Completed 200 OK in 28ms (Views: 5.8ms | ActiveRecord: 11.4ms)


Started GET "/dashboard/index" for 127.0.0.1 at Tue Oct 22 12:34:13 +0800 2013
  Processing by DashboardController#index as HTML
  [1m[35mApp Load (0.2ms)[0m  SELECT "apps".* FROM "apps" 
Rendered dashboard/index.html within layouts/template (4.7ms)
Completed 200 OK in 17ms (Views: 10.5ms | ActiveRecord: 0.8ms)


Started GET "/dashboard/app/Mini+Android+Defense+2" for 127.0.0.1 at Tue Oct 22 12:34:40 +0800 2013
  Processing by DashboardController#app as HTML
  Parameters: {"id"=>"Mini+Android+Defense+2"}
  [1m[36mApp Load (0.1ms)[0m  [1mSELECT "apps".* FROM "apps" WHERE (name = 'Mini Android Defense 2')[0m
Rendered dashboard/app.html within layouts/template (0.1ms)
Completed 200 OK in 18ms (Views: 5.1ms | ActiveRecord: 3.7ms)


Started GET "/dashboard/app/Dropoker" for 127.0.0.1 at Tue Oct 22 12:34:47 +0800 2013
  Processing by DashboardController#app as HTML
  Parameters: {"id"=>"Dropoker"}
  [1m[35mApp Load (0.1ms)[0m  SELECT "apps".* FROM "apps" WHERE (name = 'Dropoker')
Rendered dashboard/app.html within layouts/template (0.2ms)
Completed 200 OK in 16ms (Views: 5.3ms | ActiveRecord: 0.6ms)


Started GET "/dashboard/app/Trapdoor+Hunter" for 127.0.0.1 at Tue Oct 22 12:35:41 +0800 2013
  Processing by DashboardController#app as HTML
  Parameters: {"id"=>"Trapdoor+Hunter"}
  [1m[36mApp Load (0.1ms)[0m  [1mSELECT "apps".* FROM "apps" WHERE (name = 'Trapdoor Hunter')[0m
Rendered dashboard/app.html within layouts/template (0.1ms)
Completed 200 OK in 16ms (Views: 5.1ms | ActiveRecord: 0.7ms)
